2024-12-31 06:43:34.761 [info] [main] Log level: Info
2024-12-31 06:43:34.761 [info] [main] Validating found git in: "git"
2024-12-31 06:43:34.761 [info] [main] Using git "2.42.0" from "git"
2024-12-31 06:43:34.761 [info] [Model][doInitialScan] Initial repository scan started
2024-12-31 06:43:34.761 [info] > git rev-parse --show-toplevel [5ms]
2024-12-31 06:43:34.761 [info] fatal: not a git repository (or any parent up to mount point /teamspace/studios)
Stopping at filesystem boundary (GIT_DISCOVERY_ACROSS_FILESYSTEM not set).
2024-12-31 06:43:34.761 [info] > git rev-parse --show-toplevel [5ms]
2024-12-31 06:43:34.761 [info] fatal: not a git repository (or any parent up to mount point /teamspace/studios)
Stopping at filesystem boundary (GIT_DISCOVERY_ACROSS_FILESYSTEM not set).
2024-12-31 06:43:34.761 [info] > git rev-parse --show-toplevel [3ms]
2024-12-31 06:43:34.761 [info] fatal: not a git repository (or any parent up to mount point /teamspace/studios)
Stopping at filesystem boundary (GIT_DISCOVERY_ACROSS_FILESYSTEM not set).
2024-12-31 06:43:34.761 [info] > git rev-parse --show-toplevel [3ms]
2024-12-31 06:43:34.761 [info] fatal: not a git repository (or any parent up to mount point /teamspace/studios)
Stopping at filesystem boundary (GIT_DISCOVERY_ACROSS_FILESYSTEM not set).
2024-12-31 06:43:34.761 [info] > git rev-parse --show-toplevel [3ms]
2024-12-31 06:43:34.761 [info] fatal: not a git repository (or any parent up to mount point /teamspace/studios)
Stopping at filesystem boundary (GIT_DISCOVERY_ACROSS_FILESYSTEM not set).
2024-12-31 06:43:34.761 [info] > git rev-parse --show-toplevel [3ms]
2024-12-31 06:43:34.761 [info] fatal: not a git repository (or any parent up to mount point /teamspace/studios)
Stopping at filesystem boundary (GIT_DISCOVERY_ACROSS_FILESYSTEM not set).
2024-12-31 06:43:34.761 [info] > git rev-parse --show-toplevel [2ms]
2024-12-31 06:43:34.762 [info] fatal: not a git repository (or any parent up to mount point /teamspace/studios)
Stopping at filesystem boundary (GIT_DISCOVERY_ACROSS_FILESYSTEM not set).
2024-12-31 06:43:34.762 [info] > git rev-parse --show-toplevel [3ms]
2024-12-31 06:43:34.762 [info] fatal: not a git repository (or any parent up to mount point /teamspace/studios)
Stopping at filesystem boundary (GIT_DISCOVERY_ACROSS_FILESYSTEM not set).
2024-12-31 06:43:34.762 [info] > git rev-parse --show-toplevel [3ms]
2024-12-31 06:43:34.762 [info] fatal: not a git repository (or any parent up to mount point /teamspace/studios)
Stopping at filesystem boundary (GIT_DISCOVERY_ACROSS_FILESYSTEM not set).
2024-12-31 06:43:34.762 [info] > git rev-parse --show-toplevel [3ms]
2024-12-31 06:43:34.762 [info] > git rev-parse --git-dir --git-common-dir [3ms]
2024-12-31 06:43:34.762 [info] [Model][openRepository] Opened repository: /teamspace/studios/this_studio/Car-Parts-Segmentation
2024-12-31 06:43:34.762 [info] > git rev-parse --show-toplevel [3ms]
2024-12-31 06:43:34.762 [info] fatal: not a git repository (or any parent up to mount point /teamspace/studios)
Stopping at filesystem boundary (GIT_DISCOVERY_ACROSS_FILESYSTEM not set).
2024-12-31 06:43:34.762 [info] > git config --get commit.template [6ms]
2024-12-31 06:43:34.762 [info] > git for-each-ref --format=%(refname)%00%(upstream:short)%00%(objectname)%00%(upstream:track)%00%(upstream:remotename)%00%(upstream:remoteref) refs/heads/master refs/remotes/master [4ms]
2024-12-31 06:43:34.762 [warning] [Git][revParse] Unable to read file: ENOENT: no such file or directory, open '/teamspace/studios/this_studio/Car-Parts-Segmentation/.git/refs/remotes/origin/master'
2024-12-31 06:43:34.762 [info] > git rev-parse --show-toplevel [3ms]
2024-12-31 06:43:34.762 [info] fatal: not a git repository (or any parent up to mount point /teamspace/studios)
Stopping at filesystem boundary (GIT_DISCOVERY_ACROSS_FILESYSTEM not set).
2024-12-31 06:43:34.762 [info] > git rev-parse --show-toplevel [4ms]
2024-12-31 06:43:34.762 [info] fatal: not a git repository (or any parent up to mount point /teamspace/studios)
Stopping at filesystem boundary (GIT_DISCOVERY_ACROSS_FILESYSTEM not set).
2024-12-31 06:43:34.762 [info] > git rev-parse refs/remotes/origin/master [10ms]
2024-12-31 06:43:34.762 [info] > git rev-parse --show-toplevel [7ms]
2024-12-31 06:43:34.762 [info] fatal: not a git repository (or any parent up to mount point /teamspace/studios)
Stopping at filesystem boundary (GIT_DISCOVERY_ACROSS_FILESYSTEM not set).
2024-12-31 06:43:34.762 [info] > git for-each-ref --sort -committerdate --format %(refname) %(objectname) %(*objectname) [5ms]
2024-12-31 06:43:34.762 [info] > git rev-parse --show-toplevel [3ms]
2024-12-31 06:43:34.762 [info] fatal: not a git repository (or any parent up to mount point /teamspace/studios)
Stopping at filesystem boundary (GIT_DISCOVERY_ACROSS_FILESYSTEM not set).
2024-12-31 06:43:34.762 [info] > git rev-parse --show-toplevel [3ms]
2024-12-31 06:43:34.762 [info] fatal: not a git repository (or any parent up to mount point /teamspace/studios)
Stopping at filesystem boundary (GIT_DISCOVERY_ACROSS_FILESYSTEM not set).
2024-12-31 06:43:34.762 [info] > git rev-parse --show-toplevel [2ms]
2024-12-31 06:43:34.762 [info] fatal: not a git repository (or any parent up to mount point /teamspace/studios)
Stopping at filesystem boundary (GIT_DISCOVERY_ACROSS_FILESYSTEM not set).
2024-12-31 06:43:34.762 [info] [Model][doInitialScan] Initial repository scan completed - repositories (1), closed repositories (0), parent repositories (0), unsafe repositories (0)
2024-12-31 06:43:34.762 [info] > git fetch [77ms]
2024-12-31 06:43:34.762 [info] > git status -z -uall [59ms] (cancelled)
2024-12-31 06:43:34.762 [info] > git for-each-ref --format=%(refname)%00%(upstream:short)%00%(objectname)%00%(upstream:track)%00%(upstream:remotename)%00%(upstream:remoteref) refs/heads/master refs/remotes/master [7ms]
2024-12-31 06:43:34.762 [info] > git config --get commit.template [5ms]
2024-12-31 06:43:34.762 [info] > git config --get commit.template [7ms]
2024-12-31 06:43:34.762 [info] > git config --local branch.master.vscode-merge-base [6ms]
2024-12-31 06:43:34.762 [warning] [Git][config] git config failed: Failed to execute git
2024-12-31 06:43:34.762 [info] > git for-each-ref --format=%(refname)%00%(upstream:short)%00%(objectname)%00%(upstream:track)%00%(upstream:remotename)%00%(upstream:remoteref) refs/heads/master refs/remotes/master [7ms]
2024-12-31 06:43:34.762 [warning] [Git][revParse] Unable to read file: ENOENT: no such file or directory, open '/teamspace/studios/this_studio/Car-Parts-Segmentation/.git/refs/remotes/origin/master'
2024-12-31 06:43:34.762 [info] > git for-each-ref --format=%(refname)%00%(upstream:short)%00%(objectname)%00%(upstream:track)%00%(upstream:remotename)%00%(upstream:remoteref) refs/heads/master refs/remotes/master [7ms]
2024-12-31 06:43:34.762 [warning] [Git][revParse] Unable to read file: ENOENT: no such file or directory, open '/teamspace/studios/this_studio/Car-Parts-Segmentation/.git/refs/remotes/origin/master'
2024-12-31 06:43:34.762 [info] > git rev-parse refs/remotes/origin/master [3ms]
2024-12-31 06:43:34.762 [info] > git reflog master --grep-reflog=branch: Created from *. [10ms]
2024-12-31 06:43:34.762 [info] > git rev-parse refs/remotes/origin/master [8ms]
2024-12-31 06:43:34.762 [info] > git symbolic-ref --short refs/remotes/origin/HEAD [6ms]
2024-12-31 06:43:34.762 [info] > git for-each-ref --format=%(refname)%00%(upstream:short)%00%(objectname)%00%(upstream:track)%00%(upstream:remotename)%00%(upstream:remoteref) refs/heads/master refs/remotes/master [11ms]
2024-12-31 06:43:34.762 [info] > git for-each-ref --sort -committerdate --format %(refname) %(objectname) %(*objectname) [6ms]
2024-12-31 06:43:34.762 [info] > git for-each-ref --format=%(refname)%00%(upstream:short)%00%(objectname)%00%(upstream:track)%00%(upstream:remotename)%00%(upstream:remoteref) refs/heads/origin/master refs/remotes/origin/master [5ms]
2024-12-31 06:43:34.762 [info] > git config --local branch.master.vscode-merge-base [5ms]
2024-12-31 06:43:34.762 [warning] [Git][config] git config failed: Failed to execute git
2024-12-31 06:43:34.762 [info] > git config --local branch.master.vscode-merge-base origin/master [5ms]
2024-12-31 06:43:34.762 [info] > git status -z -uall [22ms] (cancelled)
2024-12-31 06:43:34.762 [info] > git reflog master --grep-reflog=branch: Created from *. [8ms]
2024-12-31 06:43:34.762 [info] > git for-each-ref --format=%(refname)%00%(upstream:short)%00%(objectname)%00%(upstream:track)%00%(upstream:remotename)%00%(upstream:remoteref) refs/heads/master refs/remotes/master [7ms]
2024-12-31 06:43:34.762 [info] > git symbolic-ref --short refs/remotes/origin/HEAD [3ms]
2024-12-31 06:43:34.762 [info] > git config --get commit.template [7ms]
2024-12-31 06:43:34.762 [info] > git config --local branch.master.vscode-merge-base [5ms]
2024-12-31 06:43:34.762 [info] > git for-each-ref --format=%(refname)%00%(upstream:short)%00%(objectname)%00%(upstream:track)%00%(upstream:remotename)%00%(upstream:remoteref) refs/heads/origin/master refs/remotes/origin/master [6ms]
2024-12-31 06:43:34.762 [info] > git for-each-ref --format=%(refname)%00%(upstream:short)%00%(objectname)%00%(upstream:track)%00%(upstream:remotename)%00%(upstream:remoteref) refs/heads/master refs/remotes/master [6ms]
2024-12-31 06:43:34.762 [warning] [Git][revParse] Unable to read file: ENOENT: no such file or directory, open '/teamspace/studios/this_studio/Car-Parts-Segmentation/.git/refs/remotes/origin/master'
2024-12-31 06:43:34.762 [info] > git for-each-ref --format=%(refname)%00%(upstream:short)%00%(objectname)%00%(upstream:track)%00%(upstream:remotename)%00%(upstream:remoteref) refs/heads/origin/master refs/remotes/origin/master [8ms]
2024-12-31 06:43:34.762 [info] > git rev-parse refs/remotes/origin/master [5ms]
2024-12-31 06:43:34.762 [info] > git config --local branch.master.vscode-merge-base origin/master [14ms]
2024-12-31 06:43:34.762 [info] > git for-each-ref --sort -committerdate --format %(refname) %(objectname) %(*objectname) [1ms] (cancelled)
2024-12-31 06:43:34.762 [info] > git status -z -uall [11ms] (cancelled)
2024-12-31 06:43:34.762 [info] > git merge-base refs/heads/master refs/remotes/origin/master [14ms]
2024-12-31 06:43:34.762 [info] > git config --get commit.template [5ms]
2024-12-31 06:43:34.762 [info] > git merge-base refs/heads/master refs/remotes/origin/master [8ms]
2024-12-31 06:43:34.762 [info] > git merge-base refs/heads/master refs/remotes/origin/master [13ms]
2024-12-31 06:43:34.763 [info] > git diff --name-status -z --diff-filter=ADMR e970560da9785216dafb77f5749456d70864bfeb...refs/remotes/origin/master [8ms]
2024-12-31 06:43:34.763 [info] > git diff --name-status -z --diff-filter=ADMR e970560da9785216dafb77f5749456d70864bfeb...refs/remotes/origin/master [5ms]
2024-12-31 06:43:34.763 [info] > git diff --name-status -z --diff-filter=ADMR e970560da9785216dafb77f5749456d70864bfeb...refs/remotes/origin/master [8ms]
2024-12-31 06:43:34.763 [info] > git for-each-ref --format=%(refname)%00%(upstream:short)%00%(objectname)%00%(upstream:track)%00%(upstream:remotename)%00%(upstream:remoteref) refs/heads/master refs/remotes/master [6ms]
2024-12-31 06:43:34.765 [warning] [Git][revParse] Unable to read file: ENOENT: no such file or directory, open '/teamspace/studios/this_studio/Car-Parts-Segmentation/.git/refs/remotes/origin/master'
2024-12-31 06:43:34.770 [info] > git rev-parse refs/remotes/origin/master [5ms]
2024-12-31 06:43:34.778 [info] > git for-each-ref --sort -committerdate --format %(refname) %(objectname) %(*objectname) [4ms]
2024-12-31 06:43:34.939 [info] > git status -z -uall [166ms]
2024-12-31 06:43:35.404 [info] > git check-ignore -v -z --stdin [3ms]
2024-12-31 06:43:38.626 [info] > git config --get commit.template [3ms]
2024-12-31 06:43:38.630 [info] > git for-each-ref --format=%(refname)%00%(upstream:short)%00%(objectname)%00%(upstream:track)%00%(upstream:remotename)%00%(upstream:remoteref) refs/heads/master refs/remotes/master [4ms]
2024-12-31 06:43:38.632 [warning] [Git][revParse] Unable to read file: ENOENT: no such file or directory, open '/teamspace/studios/this_studio/Car-Parts-Segmentation/.git/refs/remotes/origin/master'
2024-12-31 06:43:38.635 [info] > git rev-parse refs/remotes/origin/master [3ms]
2024-12-31 06:43:38.648 [info] > git for-each-ref --sort -committerdate --format %(refname) %(objectname) %(*objectname) [8ms]
2024-12-31 06:43:38.758 [info] > git status -z -uall [121ms]
